Title: 
Invalid cover file.
Title: 测试2
Cover: Array
(
    [name] => 115190912_p2.png
    [type] => image/png
    [tmp_name] => C:\Windows\php9BEA.tmp
    [error] => 0
    [size] => 4762882
)

Title: 测试3
Cover: Array
(
    [name] => 115044163_p0.png
    [type] => image/png
    [tmp_name] => C:\Windows\phpF3EE.tmp
    [error] => 0
    [size] => 3837159
)

Title: 测试4
Cover: Array
(
    [name] => 113616439_p0.png
    [type] => image/png
    [tmp_name] => C:\Windows\phpD39B.tmp
    [error] => 0
    [size] => 1202124
)

Title: 测试5
Cover: Array
(
    [name] => 115044163_p1.png
    [type] => image/png
    [tmp_name] => C:\Windows\phpFC91.tmp
    [error] => 0
    [size] => 3843486
)

Title: 最终测试
Cover: Array
(
    [name] => 115190912_p2.png
    [type] => image/png
    [tmp_name] => C:\Windows\php43EB.tmp
    [error] => 0
    [size] => 4762882
)

Title: 1
Cover: Array
(
    [name] => 1.jpg
    [type] => image/jpeg
    [tmp_name] => C:\Windows\phpC341.tmp
    [error] => 0
    [size] => 850319
)

Title: 1
Cover: Array
(
    [name] => 115044163_p0.png
    [type] => image/png
    [tmp_name] => C:\Windows\phpEADE.tmp
    [error] => 0
    [size] => 3837159
)

Title: 1
Cover: Array
(
    [name] => 温迪.jpg
    [type] => image/jpeg
    [tmp_name] => C:\Windows\php223B.tmp
    [error] => 0
    [size] => 3212803
)

Title: 1
Cover: Array
(
    [name] => 温迪.jpg
    [type] => image/jpeg
    [tmp_name] => C:\Windows\php413E.tmp
    [error] => 0
    [size] => 3212803
)

Title: 1
Cover: Array
(
    [name] => 电脑壁纸.jpg
    [type] => image/jpeg
    [tmp_name] => C:\Windows\php5D62.tmp
    [error] => 0
    [size] => 5637801
)

Title: MySQL基础
Cover: Array
(
    [name] => 115044163_p0.png
    [type] => image/png
    [tmp_name] => C:\Windows\phpD86.tmp
    [error] => 0
    [size] => 3837159
)

Title: 攻防实操
Cover: Array
(
    [name] => 114898947_p1.png
    [type] => image/png
    [tmp_name] => C:\Windows\php98B0.tmp
    [error] => 0
    [size] => 2114319
)

Title: test
Cover: Array
(
    [name] => 114900151_p0.png
    [type] => image/png
    [tmp_name] => C:\Windows\php5EC2.tmp
    [error] => 0
    [size] => 3382098
)

Title: MySQL基础
Cover: Array
(
    [name] => 114863782_p0.png
    [type] => image/png
    [tmp_name] => C:\Windows\php388F.tmp
    [error] => 0
    [size] => 4701087
)

Title: 攻防实操
Cover: Array
(
    [name] => 114900151_p1.png
    [type] => image/png
    [tmp_name] => C:\Windows\phpD2FB.tmp
    [error] => 0
    [size] => 3418346
)

Title: 测试2.0
Cover: Array
(
    [name] => 113616439_p0.png
    [type] => image/png
    [tmp_name] => C:\Windows\php67A4.tmp
    [error] => 0
    [size] => 1202124
)

Title: 测试2.0
Cover: Array
(
    [name] => 113616439_p0.png
    [type] => image/png
    [tmp_name] => C:\Windows\php3816.tmp
    [error] => 0
    [size] => 1202124
)

Title: 2
Cover: Array
(
    [name] => 115190912_p1.png
    [type] => image/png
    [tmp_name] => C:\Windows\phpC59F.tmp
    [error] => 0
    [size] => 4883435
)

Title: 2
Cover: Array
(
    [name] => 114898947_p1.png
    [type] => image/png
    [tmp_name] => C:\Windows\php8185.tmp
    [error] => 0
    [size] => 2114319
)

Title: 3
Cover: Array
(
    [name] => 114864574_p1.png
    [type] => image/png
    [tmp_name] => C:\Windows\phpD9EA.tmp
    [error] => 0
    [size] => 1781915
)

Title: 4
Cover: Array
(
    [name] => 114893186_p1.png
    [type] => image/png
    [tmp_name] => C:\Windows\php403D.tmp
    [error] => 0
    [size] => 3032455
)

Title: 5
Cover: Array
(
    [name] => 114863782_p0.png
    [type] => image/png
    [tmp_name] => C:\Windows\php2E37.tmp
    [error] => 0
    [size] => 4701087
)

Title: 测试5
Cover: Array
(
    [name] => 114863782_p0.png
    [type] => image/png
    [tmp_name] => C:\Windows\php775.tmp
    [error] => 0
    [size] => 4701087
)

Title: 测试6
Cover: Array
(
    [name] => 114893186_p0.png
    [type] => image/png
    [tmp_name] => C:\Windows\php2338.tmp
    [error] => 0
    [size] => 2825818
)

Title: 终极测试
Cover: Array
(
    [name] => 114863782_p0.png
    [type] => image/png
    [tmp_name] => C:\Windows\php1257.tmp
    [error] => 0
    [size] => 4701087
)

Title: 测试7
Cover: Array
(
    [name] => 114900151_p0.png
    [type] => image/png
    [tmp_name] => C:\Windows\php116A.tmp
    [error] => 0
    [size] => 3382098
)

Title: 测试8
Cover: Array
(
    [name] => 114900151_p1.png
    [type] => image/png
    [tmp_name] => C:\Windows\phpEEF0.tmp
    [error] => 0
    [size] => 3418346
)

Title: 测试9
Cover: Array
(
    [name] => 114900151_p2.png
    [type] => image/png
    [tmp_name] => C:\Windows\phpCC51.tmp
    [error] => 0
    [size] => 3396355
)

Title: 测试9
Cover: Array
(
    [name] => 114900151_p2.png
    [type] => image/png
    [tmp_name] => C:\Windows\phpCD3C.tmp
    [error] => 0
    [size] => 3396355
)

Title: 测试9
Cover: Array
(
    [name] => 114900151_p2.png
    [type] => image/png
    [tmp_name] => C:\Windows\phpD30A.tmp
    [error] => 0
    [size] => 3396355
)

Title: 测试9
Cover: Array
(
    [name] => 114900151_p2.png
    [type] => image/png
    [tmp_name] => C:\Windows\phpD5AB.tmp
    [error] => 0
    [size] => 3396355
)

Title: 测试8
Cover: Array
(
    [name] => 114900151_p1.png
    [type] => image/png
    [tmp_name] => C:\Windows\phpC1C1.tmp
    [error] => 0
    [size] => 3418346
)

Title: 测试7
Cover: Array
(
    [name] => 114900151_p0.png
    [type] => image/png
    [tmp_name] => C:\Windows\php547D.tmp
    [error] => 0
    [size] => 3382098
)

Title: 测试8
Cover: Array
(
    [name] => 114900151_p1.png
    [type] => image/png
    [tmp_name] => C:\Windows\phpBF49.tmp
    [error] => 0
    [size] => 3418346
)

Title: 测试9
Cover: Array
(
    [name] => 114900151_p2.png
    [type] => image/png
    [tmp_name] => C:\Windows\php263E.tmp
    [error] => 0
    [size] => 3396355
)

Title: 测试10
Cover: Array
(
    [name] => 115266114_p2.png
    [type] => image/png
    [tmp_name] => C:\Windows\php5CB3.tmp
    [error] => 0
    [size] => 5241296
)

Title: 测试11
Cover: Array
(
    [name] => 115266114_p0.png
    [type] => image/png
    [tmp_name] => C:\Windows\php25BE.tmp
    [error] => 0
    [size] => 5030071
)

Title: 测试12
Cover: Array
(
    [name] => 115266114_p1.png
    [type] => image/png
    [tmp_name] => C:\Windows\php411D.tmp
    [error] => 0
    [size] => 4830060
)

Title: 测试13
Cover: Array
(
    [name] => 115190912_p0.png
    [type] => image/png
    [tmp_name] => C:\Windows\phpB629.tmp
    [error] => 0
    [size] => 4798906
)

Title: 测试14
Cover: Array
(
    [name] => 114863782_p0.png
    [type] => image/png
    [tmp_name] => C:\Windows\php35B.tmp
    [error] => 0
    [size] => 4701087
)

Title: 测试15
Cover: Array
(
    [name] => 114893186_p0.png
    [type] => image/png
    [tmp_name] => C:\Windows\phpBF35.tmp
    [error] => 0
    [size] => 2825818
)

